<?xml version="1.0" encoding="UTF-8"?>
<!-- Generated by org.testng.reporters.JUnitReportReporter -->
<testsuite skipped="0" hostname="DellTouchScreen" name="Appium_Emulator_programs.src.Appium_Emulator_programs.src.Android.NewTest1" tests="1" failures="0" timestamp="2020-10-19T13:28:14 IST" time="43.902" errors="0">
  <testcase name="f" time="43.902" classname="Appium_Emulator_programs.src.Appium_Emulator_programs.src.Android.NewTest1"/>
  <system-out/>
</testsuite> <!-- Appium_Emulator_programs.src.Appium_Emulator_programs.src.Android.NewTest1 -->
