<?xml version="1.0" encoding="UTF-8"?>
<!-- Generated by org.testng.reporters.JUnitReportReporter -->
<testsuite skipped="0" hostname="DellTouchScreen" name="Appium_Emulator_programs.src.Android.Calculator" tests="1" failures="0" timestamp="2020-10-15T15:58:34 IST" time="5.656" errors="0">
  <testcase name="testCal" time="5.656" classname="Appium_Emulator_programs.src.Android.Calculator"/>
  <system-out/>
</testsuite> <!-- Appium_Emulator_programs.src.Android.Calculator -->
