<?xml version="1.0" encoding="UTF-8"?>
<!-- Generated by org.testng.reporters.JUnitReportReporter -->
<testsuite skipped="0" hostname="DellTouchScreen" name="Appium_Emulator_programs.src.Appium_Emulator_programs.src.Android.NewTest2" tests="1" failures="0" timestamp="2020-10-19T13:28:14 IST" time="50.143" errors="0">
  <testcase name="f" time="50.143" classname="Appium_Emulator_programs.src.Appium_Emulator_programs.src.Android.NewTest2"/>
  <system-out/>
</testsuite> <!-- Appium_Emulator_programs.src.Appium_Emulator_programs.src.Android.NewTest2 -->
