<?xml version="1.0" encoding="UTF-8"?>
<!-- Generated by org.testng.reporters.JUnitReportReporter -->
<testsuite skipped="0" hostname="DellTouchScreen" name="Tests.SearchPageTest" tests="1" failures="0" timestamp="2020-09-24T11:18:18 IST" time="81.457" errors="0">
  <testcase name="searchForBus" time="81.457" classname="Tests.SearchPageTest"/>
  <system-out/>
</testsuite> <!-- Tests.SearchPageTest -->
