<?xml version="1.0" encoding="UTF-8"?>
<!-- Generated by org.testng.reporters.JUnitReportReporter -->
<testsuite skipped="0" hostname="DellTouchScreen" name="Tests.ResultPageTest" tests="1" failures="0" timestamp="2020-09-24T11:58:23 IST" time="107.454" errors="0">
  <testcase name="check" time="107.454" classname="Tests.ResultPageTest"/>
  <system-out/>
</testsuite> <!-- Tests.ResultPageTest -->
